TN:
SF:src\server.ts
FNF:0
FNH:0
DA:1,1
DA:2,1
DA:3,1
DA:5,1
DA:7,1
DA:8,1
DA:9,1
DA:12,1
LF:8
LH:8
BRF:0
BRH:0
end_of_record
TN:
SF:src\controllers\todoController.ts
FN:7,(anonymous_7)
FN:7,(anonymous_8)
FN:38,(anonymous_9)
FN:38,(anonymous_10)
FN:56,(anonymous_11)
FN:56,(anonymous_12)
FN:83,(anonymous_13)
FN:83,(anonymous_14)
FN:112,(anonymous_15)
FN:112,(anonymous_16)
FNF:10
FNH:10
FNDA:3,(anonymous_7)
FNDA:3,(anonymous_8)
FNDA:3,(anonymous_9)
FNDA:3,(anonymous_10)
FNDA:3,(anonymous_11)
FNDA:3,(anonymous_12)
FNDA:3,(anonymous_13)
FNDA:3,(anonymous_14)
FNDA:3,(anonymous_15)
FNDA:3,(anonymous_16)
DA:2,1
DA:3,1
DA:6,1
DA:7,3
DA:8,3
DA:9,3
DA:11,3
DA:12,3
DA:13,3
DA:14,1
DA:22,2
DA:23,1
DA:29,1
DA:38,3
DA:39,3
DA:40,3
DA:41,2
DA:47,1
DA:56,3
DA:57,3
DA:58,3
DA:59,3
DA:60,2
DA:61,1
DA:68,1
DA:74,1
DA:83,3
DA:84,3
DA:85,3
DA:86,3
DA:87,2
DA:88,1
DA:95,1
DA:103,1
DA:112,3
DA:113,3
DA:114,3
DA:115,3
DA:116,3
DA:117,2
DA:118,1
DA:125,1
DA:131,1
DA:142,1
LF:44
LH:44
BRDA:13,0,0,1
BRDA:13,0,1,2
BRDA:60,1,0,1
BRDA:60,1,1,1
BRDA:87,2,0,1
BRDA:87,2,1,1
BRDA:117,3,0,1
BRDA:117,3,1,1
BRF:8
BRH:8
end_of_record
TN:
SF:src\factories\index.ts
FN:5,(anonymous_0)
FN:6,(anonymous_1)
FNF:2
FNH:2
FNDA:17,(anonymous_0)
FNDA:7,(anonymous_1)
DA:1,1
DA:2,1
DA:5,18
DA:6,8
LF:4
LH:4
BRF:0
BRH:0
end_of_record
TN:
SF:src\factories\responseMessage.ts
FN:3,messageBuilder
FN:16,(anonymous_1)
FNF:2
FNH:2
FNDA:17,messageBuilder
FNDA:17,(anonymous_1)
DA:4,17
DA:6,7
DA:8,2
DA:10,3
DA:12,5
DA:16,1
DA:17,17
DA:19,17
DA:28,1
LF:9
LH:9
BRDA:4,0,0,7
BRDA:4,0,1,2
BRDA:4,0,2,3
BRDA:4,0,3,5
BRDA:21,1,0,7
BRDA:21,1,1,10
BRDA:21,2,0,17
BRDA:21,2,1,17
BRF:8
BRH:8
end_of_record
TN:
SF:src\factories\todo.ts
FN:10,(anonymous_6)
FNF:1
FNH:1
FNDA:7,(anonymous_6)
DA:1,1
DA:4,1
DA:10,1
DA:11,7
DA:12,7
DA:13,5
DA:20,2
DA:24,1
LF:8
LH:8
BRF:0
BRH:0
end_of_record
TN:
SF:src\repositories\index.ts
FN:9,dynamicImportRepository
FN:10,(anonymous_15)
FN:14,(anonymous_16)
FN:14,(anonymous_17)
FNF:4
FNH:4
FNDA:5,dynamicImportRepository
FNDA:5,(anonymous_15)
FNDA:5,(anonymous_16)
FNDA:5,(anonymous_17)
DA:1,1
DA:10,5
DA:11,5
DA:14,5
DA:15,5
DA:18,1
LF:6
LH:6
BRF:0
BRH:0
end_of_record
TN:
SF:src\repositories\memory\todoRepository.ts
FN:8,convertToInsertedHelper
FN:16,(anonymous_9)
FN:16,(anonymous_10)
FN:20,(anonymous_11)
FN:20,(anonymous_12)
FN:23,(anonymous_13)
FN:23,(anonymous_14)
FN:27,(anonymous_15)
FN:27,(anonymous_16)
FN:28,(anonymous_17)
FN:34,(anonymous_18)
FN:34,(anonymous_19)
FN:35,(anonymous_20)
FN:39,(anonymous_21)
FN:42,(anonymous_22)
FN:42,(anonymous_23)
FN:43,(anonymous_24)
FN:54,(anonymous_25)
FNF:18
FNH:18
FNDA:16,convertToInsertedHelper
FNDA:16,(anonymous_9)
FNDA:16,(anonymous_10)
FNDA:5,(anonymous_11)
FNDA:5,(anonymous_12)
FNDA:17,(anonymous_13)
FNDA:17,(anonymous_14)
FNDA:3,(anonymous_15)
FNDA:3,(anonymous_16)
FNDA:3,(anonymous_17)
FNDA:2,(anonymous_18)
FNDA:2,(anonymous_19)
FNDA:2,(anonymous_20)
FNDA:2,(anonymous_21)
FNDA:2,(anonymous_22)
FNDA:2,(anonymous_23)
FNDA:2,(anonymous_24)
FNDA:1,(anonymous_25)
DA:1,1
DA:5,1
DA:6,1
DA:9,16
DA:15,1
DA:16,16
DA:17,16
DA:18,16
DA:20,5
DA:21,5
DA:23,17
DA:24,17
DA:25,17
DA:27,3
DA:28,3
DA:29,3
DA:30,1
DA:32,2
DA:34,2
DA:35,2
DA:36,2
DA:37,1
DA:39,2
DA:40,1
DA:42,2
DA:43,2
DA:44,2
DA:45,1
DA:50,1
DA:54,2
DA:55,2
DA:56,1
DA:58,1
DA:62,1
LF:34
LH:34
BRDA:29,0,0,1
BRDA:29,0,1,2
BRDA:36,1,0,1
BRDA:36,1,1,1
BRDA:44,2,0,1
BRDA:44,2,1,1
BRDA:55,3,0,1
BRDA:55,3,1,1
BRF:8
BRH:8
end_of_record
TN:
SF:src\routes\index.ts
FN:9,(anonymous_1)
FNF:1
FNH:1
FNDA:1,(anonymous_1)
DA:1,1
DA:3,1
DA:5,1
DA:7,1
DA:9,1
DA:10,1
DA:15,1
DA:18,1
LF:8
LH:8
BRF:0
BRH:0
end_of_record
TN:
SF:src\routes\todos.ts
FNF:0
FNH:0
DA:1,1
DA:2,1
DA:4,1
DA:6,1
DA:7,1
DA:8,1
DA:9,1
DA:10,1
DA:13,1
LF:9
LH:9
BRF:0
BRH:0
end_of_record
TN:
SF:src\services\todoService.ts
FN:6,(anonymous_7)
FN:6,(anonymous_8)
FN:10,(anonymous_9)
FN:10,(anonymous_10)
FN:14,(anonymous_11)
FN:14,(anonymous_12)
FN:18,(anonymous_13)
FN:18,(anonymous_14)
FN:22,(anonymous_15)
FN:22,(anonymous_16)
FNF:10
FNH:10
FNDA:3,(anonymous_7)
FNDA:3,(anonymous_8)
FNDA:4,(anonymous_9)
FNDA:4,(anonymous_10)
FNDA:4,(anonymous_11)
FNDA:4,(anonymous_12)
FNDA:4,(anonymous_13)
FNDA:4,(anonymous_14)
FNDA:4,(anonymous_15)
FNDA:4,(anonymous_16)
DA:3,1
DA:5,1
DA:6,3
DA:7,3
DA:8,2
DA:10,4
DA:11,4
DA:12,3
DA:14,4
DA:15,4
DA:16,3
DA:18,4
DA:19,4
DA:20,3
DA:22,4
DA:23,4
DA:24,3
DA:29,1
LF:18
LH:18
BRF:0
BRH:0
end_of_record
TN:
SF:src\tests\fixtures\todo.fixture.ts
FN:4,(anonymous_0)
FN:10,(anonymous_1)
FNF:2
FNH:2
FNDA:1,(anonymous_0)
FNDA:16,(anonymous_1)
DA:1,1
DA:4,1
DA:5,1
DA:6,1
DA:7,1
DA:10,1
DA:11,16
DA:21,1
LF:8
LH:8
BRDA:4,0,0,1
BRDA:4,0,1,1
BRF:2
BRH:2
end_of_record
TN:
SF:src\utils\repositoryByEnvironment.ts
FN:3,chooseRepositoryByEnvironment
FNF:1
FNH:1
FNDA:9,chooseRepositoryByEnvironment
DA:4,9
DA:5,2
DA:7,7
DA:10,1
LF:4
LH:4
BRDA:4,0,0,2
BRDA:4,0,1,7
BRDA:4,1,0,9
BRDA:4,1,1,8
BRDA:7,2,0,6
BRDA:7,2,1,1
BRF:6
BRH:6
end_of_record
