TN:
SF:src\server.ts
FNF:0
FNH:0
DA:1,1
DA:2,1
DA:3,1
DA:5,1
DA:7,1
DA:8,1
DA:9,1
DA:12,1
LF:8
LH:8
BRF:0
BRH:0
end_of_record
TN:
SF:src\controllers\todoController.ts
FN:8,(anonymous_7)
FN:8,(anonymous_8)
FN:34,(anonymous_9)
FN:34,(anonymous_10)
FN:49,(anonymous_11)
FN:49,(anonymous_12)
FN:64,(anonymous_13)
FN:64,(anonymous_14)
FN:79,(anonymous_15)
FN:79,(anonymous_16)
FN:96,(anonymous_17)
FN:96,(anonymous_18)
FN:125,(anonymous_19)
FN:125,(anonymous_20)
FN:140,(anonymous_21)
FN:140,(anonymous_22)
FNF:16
FNH:16
FNDA:4,(anonymous_7)
FNDA:4,(anonymous_8)
FNDA:4,(anonymous_9)
FNDA:4,(anonymous_10)
FNDA:3,(anonymous_11)
FNDA:3,(anonymous_12)
FNDA:4,(anonymous_13)
FNDA:4,(anonymous_14)
FNDA:3,(anonymous_15)
FNDA:3,(anonymous_16)
FNDA:5,(anonymous_17)
FNDA:5,(anonymous_18)
FNDA:2,(anonymous_19)
FNDA:2,(anonymous_20)
FNDA:2,(anonymous_21)
FNDA:2,(anonymous_22)
DA:2,1
DA:3,1
DA:5,1
DA:7,1
DA:8,4
DA:9,4
DA:10,4
DA:11,4
DA:12,4
DA:13,4
DA:14,1
DA:22,3
DA:23,2
DA:25,1
DA:34,4
DA:35,4
DA:36,4
DA:37,4
DA:38,3
DA:40,1
DA:49,3
DA:50,3
DA:51,3
DA:52,3
DA:53,2
DA:55,1
DA:64,4
DA:65,4
DA:66,4
DA:67,4
DA:68,3
DA:70,1
DA:79,3
DA:80,3
DA:81,3
DA:82,3
DA:83,3
DA:85,2
DA:87,1
DA:96,5
DA:97,5
DA:98,5
DA:99,5
DA:100,5
DA:101,1
DA:109,4
DA:110,3
DA:116,1
DA:125,2
DA:126,2
DA:127,2
DA:128,2
DA:129,1
DA:131,1
DA:140,2
DA:141,2
DA:142,2
DA:143,1
DA:145,1
DA:156,1
LF:60
LH:60
BRDA:13,0,0,1
BRDA:13,0,1,3
BRDA:100,1,0,1
BRDA:100,1,1,4
BRF:4
BRH:4
end_of_record
TN:
SF:src\factories\index.ts
FN:5,(anonymous_0)
FN:6,(anonymous_1)
FNF:2
FNH:2
FNDA:29,(anonymous_0)
FNDA:9,(anonymous_1)
DA:1,1
DA:2,1
DA:5,30
DA:6,10
LF:4
LH:4
BRF:0
BRH:0
end_of_record
TN:
SF:src\factories\responseMessage.ts
FN:3,messageBuilder
FN:16,(anonymous_1)
FNF:2
FNH:2
FNDA:29,messageBuilder
FNDA:29,(anonymous_1)
DA:4,29
DA:6,12
DA:8,4
DA:10,5
DA:12,8
DA:16,1
DA:17,29
DA:19,29
DA:28,1
LF:9
LH:9
BRDA:4,0,0,12
BRDA:4,0,1,4
BRDA:4,0,2,5
BRDA:4,0,3,8
BRDA:21,1,0,12
BRDA:21,1,1,17
BRDA:21,2,0,29
BRDA:21,2,1,29
BRF:8
BRH:8
end_of_record
TN:
SF:src\factories\todo.ts
FN:10,(anonymous_6)
FNF:1
FNH:1
FNDA:9,(anonymous_6)
DA:1,1
DA:4,1
DA:10,1
DA:11,9
DA:12,9
DA:13,7
DA:20,2
DA:24,1
LF:8
LH:8
BRF:0
BRH:0
end_of_record
TN:
SF:src\factories\todoList.ts
FN:17,(anonymous_6)
FNF:1
FNH:1
FNDA:12,(anonymous_6)
DA:1,1
DA:4,1
DA:17,1
DA:18,12
DA:19,12
DA:20,10
DA:26,2
DA:30,1
LF:8
LH:8
BRDA:22,0,0,2
BRDA:22,0,1,8
BRF:2
BRH:2
end_of_record
TN:
SF:src\repositories\index.ts
FN:9,dynamicImportRepository
FN:10,(anonymous_15)
FN:14,(anonymous_16)
FN:14,(anonymous_17)
FNF:4
FNH:4
FNDA:6,dynamicImportRepository
FNDA:6,(anonymous_15)
FNDA:6,(anonymous_16)
FNDA:6,(anonymous_17)
DA:1,1
DA:10,6
DA:11,6
DA:14,6
DA:15,6
DA:18,1
LF:6
LH:6
BRDA:15,0,0,0
BRDA:15,0,1,6
BRDA:15,1,0,6
BRDA:15,1,1,6
BRF:4
BRH:3
end_of_record
TN:
SF:src\repositories\memory\todoRepository.ts
FN:9,(anonymous_8)
FN:9,(anonymous_9)
FN:10,(anonymous_10)
FN:14,(anonymous_11)
FN:20,(anonymous_12)
FN:20,(anonymous_13)
FN:25,(anonymous_14)
FN:25,(anonymous_15)
FN:28,(anonymous_16)
FN:28,(anonymous_17)
FN:29,(anonymous_18)
FN:31,(anonymous_19)
FN:31,(anonymous_20)
FN:32,(anonymous_21)
FN:43,(anonymous_22)
FN:49,(anonymous_23)
FN:49,(anonymous_24)
FN:53,(anonymous_25)
FN:53,(anonymous_26)
FN:55,(anonymous_27)
FNF:20
FNH:20
FNDA:5,(anonymous_8)
FNDA:5,(anonymous_9)
FNDA:4,(anonymous_10)
FNDA:3,(anonymous_11)
FNDA:22,(anonymous_12)
FNDA:22,(anonymous_13)
FNDA:2,(anonymous_14)
FNDA:2,(anonymous_15)
FNDA:14,(anonymous_16)
FNDA:14,(anonymous_17)
FNDA:13,(anonymous_18)
FNDA:5,(anonymous_19)
FNDA:5,(anonymous_20)
FNDA:5,(anonymous_21)
FNDA:4,(anonymous_22)
FNDA:31,(anonymous_23)
FNDA:31,(anonymous_24)
FNDA:2,(anonymous_25)
FNDA:2,(anonymous_26)
FNDA:5,(anonymous_27)
DA:1,1
DA:5,1
DA:6,1
DA:8,1
DA:9,5
DA:10,5
DA:11,5
DA:12,1
DA:14,4
DA:15,4
DA:16,2
DA:18,2
DA:20,22
DA:21,22
DA:22,22
DA:23,22
DA:25,2
DA:26,2
DA:28,14
DA:29,14
DA:31,5
DA:32,5
DA:33,5
DA:34,4
DA:39,1
DA:43,5
DA:44,5
DA:45,1
DA:47,4
DA:49,31
DA:50,31
DA:51,31
DA:53,2
DA:54,2
DA:55,5
DA:56,2
DA:60,1
LF:37
LH:37
BRDA:11,0,0,1
BRDA:11,0,1,4
BRDA:15,1,0,2
BRDA:15,1,1,2
BRDA:29,2,0,10
BRDA:29,2,1,4
BRDA:29,3,0,14
BRDA:29,3,1,14
BRDA:33,4,0,4
BRDA:33,4,1,1
BRDA:44,5,0,1
BRDA:44,5,1,4
BRF:12
BRH:12
end_of_record
TN:
SF:src\routes\index.ts
FN:9,(anonymous_1)
FNF:1
FNH:1
FNDA:1,(anonymous_1)
DA:1,1
DA:3,1
DA:5,1
DA:7,1
DA:9,1
DA:10,1
DA:15,1
DA:18,1
LF:8
LH:8
BRF:0
BRH:0
end_of_record
TN:
SF:src\routes\todos.ts
FNF:0
FNH:0
DA:1,1
DA:2,1
DA:4,1
DA:6,1
DA:7,1
DA:8,1
DA:9,1
DA:10,1
DA:12,1
DA:13,1
DA:14,1
DA:17,1
LF:12
LH:12
BRF:0
BRH:0
end_of_record
TN:
SF:src\services\todoService.ts
FN:6,(anonymous_8)
FN:6,(anonymous_9)
FN:33,(anonymous_10)
FN:33,(anonymous_11)
FN:49,(anonymous_12)
FN:49,(anonymous_13)
FN:65,(anonymous_14)
FN:65,(anonymous_15)
FN:75,(anonymous_16)
FN:102,(anonymous_17)
FN:102,(anonymous_18)
FN:113,(anonymous_19)
FN:143,(anonymous_20)
FN:143,(anonymous_21)
FN:147,(anonymous_22)
FN:147,(anonymous_23)
FN:163,(anonymous_24)
FN:163,(anonymous_25)
FNF:18
FNH:18
FNDA:6,(anonymous_8)
FNDA:6,(anonymous_9)
FNDA:5,(anonymous_10)
FNDA:5,(anonymous_11)
FNDA:5,(anonymous_12)
FNDA:5,(anonymous_13)
FNDA:8,(anonymous_14)
FNDA:8,(anonymous_15)
FNDA:4,(anonymous_16)
FNDA:7,(anonymous_17)
FNDA:7,(anonymous_18)
FNDA:3,(anonymous_19)
FNDA:5,(anonymous_20)
FNDA:5,(anonymous_21)
FNDA:3,(anonymous_22)
FNDA:3,(anonymous_23)
FNDA:2,(anonymous_24)
FNDA:2,(anonymous_25)
DA:1,1
DA:3,1
DA:5,1
DA:6,6
DA:7,6
DA:8,6
DA:9,2
DA:16,4
DA:17,4
DA:18,4
DA:19,3
DA:20,1
DA:27,2
DA:33,5
DA:34,5
DA:35,4
DA:36,1
DA:43,3
DA:49,5
DA:50,5
DA:51,4
DA:52,2
DA:59,2
DA:65,8
DA:66,8
DA:67,7
DA:68,2
DA:75,5
DA:76,5
DA:77,2
DA:84,3
DA:85,3
DA:86,3
DA:87,1
DA:94,2
DA:102,7
DA:103,7
DA:104,6
DA:105,1
DA:113,5
DA:114,5
DA:115,2
DA:122,3
DA:126,3
DA:128,3
DA:129,3
DA:130,1
DA:137,2
DA:143,5
DA:144,5
DA:145,4
DA:147,3
DA:148,3
DA:149,3
DA:150,1
DA:157,2
DA:163,2
DA:164,2
DA:165,2
DA:174,1
LF:60
LH:60
BRDA:8,0,0,2
BRDA:8,0,1,4
BRDA:19,1,0,1
BRDA:19,1,1,2
BRDA:35,2,0,1
BRDA:35,2,1,3
BRDA:51,3,0,2
BRDA:51,3,1,2
BRDA:67,4,0,2
BRDA:67,4,1,5
BRDA:76,5,0,2
BRDA:76,5,1,3
BRDA:86,6,0,1
BRDA:86,6,1,2
BRDA:104,7,0,1
BRDA:104,7,1,5
BRDA:114,8,0,2
BRDA:114,8,1,3
BRDA:129,9,0,1
BRDA:129,9,1,2
BRDA:149,10,0,1
BRDA:149,10,1,2
BRF:22
BRH:22
end_of_record
TN:
SF:src\tests\fixtures\todo.fixture.ts
FN:5,(anonymous_0)
FN:12,(anonymous_1)
FNF:2
FNH:2
FNDA:1,(anonymous_0)
FNDA:21,(anonymous_1)
DA:1,1
DA:3,1
DA:5,1
DA:6,1
DA:7,1
DA:8,1
DA:12,1
DA:13,21
DA:23,1
LF:9
LH:9
BRDA:5,0,0,1
BRDA:5,0,1,1
BRDA:14,1,0,0
BRDA:14,1,1,21
BRF:4
BRH:3
end_of_record
TN:
SF:src\tests\fixtures\todoList.fixture.ts
FN:4,(anonymous_0)
FNF:1
FNH:1
FNDA:4,(anonymous_0)
DA:1,1
DA:4,1
DA:5,4
DA:14,1
LF:4
LH:4
BRDA:7,0,0,1
BRDA:7,0,1,3
BRDA:7,1,0,4
BRDA:7,1,1,4
BRDA:7,2,0,3
BRDA:7,2,1,1
BRDA:7,3,0,4
BRDA:7,3,1,4
BRF:8
BRH:8
end_of_record
TN:
SF:src\utils\repositoryByEnvironment.ts
FN:3,chooseRepositoryByEnvironment
FNF:1
FNH:1
FNDA:10,chooseRepositoryByEnvironment
DA:4,10
DA:5,2
DA:7,8
DA:10,1
LF:4
LH:4
BRDA:4,0,0,2
BRDA:4,0,1,8
BRDA:4,1,0,10
BRDA:4,1,1,9
BRDA:7,2,0,7
BRDA:7,2,1,1
BRF:6
BRH:6
end_of_record
